<?xml version="1.0" encoding="UTF-8"?>
<!-- Generated by org.testng.reporters.JUnitReportReporter -->
<testsuite skipped="0" hostname="parvatha-varthni" name="runner.Cucucmbermain" tests="1" failures="0" timestamp="06 Jan 2020 08:45:58 GMT" time="22.556" errors="0">
  <testcase name="feature" time="22.556" classname="runner.Cucucmbermain"/>
</testsuite> <!-- runner.Cucucmbermain -->
